<?xml version="1.0" encoding="UTF-8"?>
<!-- Generated by org.testng.reporters.JUnitXMLReporter -->
<testsuite ignored="0" hostname="DESKTOP-6SQHPST" failures="0" tests="4" name="Surefire test" time="20.962" errors="0" timestamp="2025-03-01T19:44:35 IST">
  <testcase classname="TestFramework.Tests.PlaceOrdderTest" name="SubmitOrd" time="3.101"/>
  <testcase classname="TestFramework.Tests.PlaceOrdderTest" name="SubmitOrd" time="3.886"/>
  <testcase classname="TestFramework.Tests.PlaceOrdderTest" name="orderVerification" time="2.044"/>
  <testcase classname="TestFramework.Tests.PlaceOrdderTest" name="orderVerification" time="0.883"/>
</testsuite> <!-- Surefire test -->
