<?xml version="1.0" encoding="UTF-8"?>
<!-- Generated by org.testng.reporters.JUnitXMLReporter -->
<testsuite ignored="0" hostname="DESKTOP-6SQHPST" failures="1" tests="3" name="Error Validation" time="13.613" errors="0" timestamp="2025-03-01T16:42:40 IST">
  <testcase classname="TestFramework.Tests.ErrorValidation" name="SubmitOrdValidationError" time="2.387"/>
  <testcase classname="TestFramework.Tests.ErrorValidation" name="loginError" time="0.57">
    <skipped/>
  </testcase> <!-- loginError -->
  <testcase classname="TestFramework.Tests.ErrorValidation" name="loginError" time="2.368">
    <failure type="java.lang.AssertionError" message="expected [Incorrect email or password.] but found [Incorrect email  password.]">
      <![CDATA[java.lang.AssertionError: expected [Incorrect email or password.] but found [Incorrect email  password.]
at TestFramework.Tests.ErrorValidation.loginError(ErrorValidation.java:18)
at java.base/java.util.ArrayList.forEach(ArrayList.java:1597)
at java.base/java.util.concurrent.FutureTask.run(FutureTask.java:317)
at java.base/java.util.concurrent.ThreadPoolExecutor.runWorker(ThreadPoolExecutor.java:1144)
at java.base/java.util.concurrent.ThreadPoolExecutor$Worker.run(ThreadPoolExecutor.java:642)
at java.base/java.lang.Thread.run(Thread.java:1575)
... Removed 22 stack frames]]>
    </failure>
  </testcase> <!-- loginError -->
</testsuite> <!-- Error Validation -->
