<?xml version="1.0" encoding="UTF-8"?>
<!-- Generated by org.testng.reporters.JUnitXMLReporter -->
<testsuite ignored="0" hostname="DESKTOP-6SQHPST" failures="0" tests="4" name="Submit Order" time="20.38" errors="0" timestamp="2025-03-01T16:42:47 IST">
  <testcase classname="TestFramework.Tests.PlaceOrdderTest" name="SubmitOrd" time="5.45"/>
  <testcase classname="TestFramework.Tests.PlaceOrdderTest" name="SubmitOrd" time="3.248"/>
  <testcase classname="TestFramework.Tests.PlaceOrdderTest" name="orderVerification" time="0.783"/>
  <testcase classname="TestFramework.Tests.PlaceOrdderTest" name="orderVerification" time="0.767"/>
</testsuite> <!-- Submit Order -->
