<?xml version="1.0" encoding="UTF-8"?>
<!-- Generated by org.testng.reporters.JUnitXMLReporter -->
<testsuite ignored="0" hostname="DESKTOP-6SQHPST" failures="0" tests="4" name="Submit Order" time="21.019" errors="0" timestamp="2025-03-01T21:36:36 IST">
  <testcase classname="TestFramework.Tests.PlaceOrdderTest" name="SubmitOrd" time="5.191"/>
  <testcase classname="TestFramework.Tests.PlaceOrdderTest" name="SubmitOrd" time="3.28"/>
  <testcase classname="TestFramework.Tests.PlaceOrdderTest" name="orderVerification" time="0.889"/>
  <testcase classname="TestFramework.Tests.PlaceOrdderTest" name="orderVerification" time="0.862"/>
</testsuite> <!-- Submit Order -->
